%!Adobe-FontList 1.22
%Locale:0x809

%BeginFont
Handler:DirectoryHandler
FontType:TrueType
FontName:Figtree-Light
FamilyName:Figtree
StyleName:Light
FullName:Figtree Light
MenuName:Figtree Light
StyleBits:0
WritingScript:Roman
OutlineFileName:C:\Users\lewis\Documents\GitHub\noein-coaching.github.io\files\Alex_Noein-V3\Document fonts\Figtree-Light.ttf
DataFormat:sfntData
hasSVG:no
VariableFontType:NonVariableFont
FileLength:39988
FileModTime:1764192744
WeightClass:300
WidthClass:5
AngleClass:0
NameArray:0,Win,1,Figtree Light
NameArray:0,Win,16,Figtree
%EndFont

